<?xml version="1.0" encoding="UTF-8"?>
<!-- Generated by org.testng.reporters.JUnitXMLReporter -->
<testsuite hostname="DellXPS13" ignored="0" name="Test" tests="3" failures="1" timestamp="2024-10-22T11:19:14 EDT" time="38.161" errors="0">
  <testcase name="invalid_password_login" time="1.175" classname="com.automation.test.AutomationScripts"/>
  <testcase name="valid_login" time="1.416" classname="com.automation.test.AutomationScripts">
    <failure type="java.lang.AssertionError" message="Actual text isLogin | Salesforceand expected test isHome Page ~ Salesforce - Developer Edition">
      <![CDATA[java.lang.AssertionError: Actual text isLogin | Salesforceand expected test isHome Page ~ Salesforce - Developer Edition
at com.automation.test.AutomationScripts.valid_login(AutomationScripts.java:97)
at java.util.ArrayList.forEach(ArrayList.java:1257)
... Removed 28 stack frames]]>
    </failure>
  </testcase> <!-- valid_login -->
  <testcase name="valid_login" time="2.291" classname="com.automation.test.AutomationScripts"/>
</testsuite> <!-- Test -->
